CRITICAL - 2020-08-08 00:52:51 --> Call to a member function asObject() on array
#0 /var/www/html/todo-ci4/system/CodeIgniter.php(918): App\Controllers\Todo->getTodos()
#1 /var/www/html/todo-ci4/system/CodeIgniter.php(404): CodeIgniter\CodeIgniter->runController(Object(App\Controllers\Todo))
#2 /var/www/html/todo-ci4/system/CodeIgniter.php(312): CodeIgniter\CodeIgniter->handleRequest(NULL, Object(Config\Cache), false)
#3 /var/www/html/todo-ci4/index.php(45): CodeIgniter\CodeIgniter->run()
#4 {main}
CRITICAL - 2020-08-08 03:22:08 --> Unable to connect to the database.
#0 /var/www/html/todo-ci4/system/Database/BaseConnection.php(646): CodeIgniter\Database\BaseConnection->initialize()
#1 /var/www/html/todo-ci4/system/Database/BaseBuilder.php(1860): CodeIgniter\Database\BaseConnection->query('SELECT *\nFROM `...', Array, false)
#2 /var/www/html/todo-ci4/system/Model.php(462): CodeIgniter\Database\BaseBuilder->get()
#3 /var/www/html/todo-ci4/app/Controllers/Todo.php(31): CodeIgniter\Model->findAll()
#4 /var/www/html/todo-ci4/system/CodeIgniter.php(918): App\Controllers\Todo->getTodos()
#5 /var/www/html/todo-ci4/system/CodeIgniter.php(404): CodeIgniter\CodeIgniter->runController(Object(App\Controllers\Todo))
#6 /var/www/html/todo-ci4/system/CodeIgniter.php(312): CodeIgniter\CodeIgniter->handleRequest(NULL, Object(Config\Cache), false)
#7 /var/www/html/todo-ci4/index.php(45): CodeIgniter\CodeIgniter->run()
#8 {main}
CRITICAL - 2020-08-08 03:23:35 --> Unable to connect to the database.
#0 /var/www/html/todo-ci4/system/Database/BaseConnection.php(646): CodeIgniter\Database\BaseConnection->initialize()
#1 /var/www/html/todo-ci4/system/Database/BaseBuilder.php(1860): CodeIgniter\Database\BaseConnection->query('SELECT *\nFROM `...', Array, false)
#2 /var/www/html/todo-ci4/system/Model.php(462): CodeIgniter\Database\BaseBuilder->get()
#3 /var/www/html/todo-ci4/app/Controllers/Todo.php(31): CodeIgniter\Model->findAll()
#4 /var/www/html/todo-ci4/system/CodeIgniter.php(918): App\Controllers\Todo->getTodos()
#5 /var/www/html/todo-ci4/system/CodeIgniter.php(404): CodeIgniter\CodeIgniter->runController(Object(App\Controllers\Todo))
#6 /var/www/html/todo-ci4/system/CodeIgniter.php(312): CodeIgniter\CodeIgniter->handleRequest(NULL, Object(Config\Cache), false)
#7 /var/www/html/todo-ci4/index.php(45): CodeIgniter\CodeIgniter->run()
#8 {main}
CRITICAL - 2020-08-08 03:27:04 --> Unable to connect to the database.
#0 /var/www/html/todo-ci4/system/Database/BaseConnection.php(646): CodeIgniter\Database\BaseConnection->initialize()
#1 /var/www/html/todo-ci4/system/Database/BaseBuilder.php(1860): CodeIgniter\Database\BaseConnection->query('SELECT *\nFROM `...', Array, false)
#2 /var/www/html/todo-ci4/system/Model.php(462): CodeIgniter\Database\BaseBuilder->get()
#3 /var/www/html/todo-ci4/app/Controllers/Todo.php(31): CodeIgniter\Model->findAll()
#4 /var/www/html/todo-ci4/system/CodeIgniter.php(918): App\Controllers\Todo->getTodos()
#5 /var/www/html/todo-ci4/system/CodeIgniter.php(404): CodeIgniter\CodeIgniter->runController(Object(App\Controllers\Todo))
#6 /var/www/html/todo-ci4/system/CodeIgniter.php(312): CodeIgniter\CodeIgniter->handleRequest(NULL, Object(Config\Cache), false)
#7 /var/www/html/todo-ci4/index.php(45): CodeIgniter\CodeIgniter->run()
#8 {main}
CRITICAL - 2020-08-08 03:27:05 --> Unable to connect to the database.
#0 /var/www/html/todo-ci4/system/Database/BaseConnection.php(646): CodeIgniter\Database\BaseConnection->initialize()
#1 /var/www/html/todo-ci4/system/Database/BaseBuilder.php(1860): CodeIgniter\Database\BaseConnection->query('SELECT *\nFROM `...', Array, false)
#2 /var/www/html/todo-ci4/system/Model.php(462): CodeIgniter\Database\BaseBuilder->get()
#3 /var/www/html/todo-ci4/app/Controllers/Todo.php(31): CodeIgniter\Model->findAll()
#4 /var/www/html/todo-ci4/system/CodeIgniter.php(918): App\Controllers\Todo->getTodos()
#5 /var/www/html/todo-ci4/system/CodeIgniter.php(404): CodeIgniter\CodeIgniter->runController(Object(App\Controllers\Todo))
#6 /var/www/html/todo-ci4/system/CodeIgniter.php(312): CodeIgniter\CodeIgniter->handleRequest(NULL, Object(Config\Cache), false)
#7 /var/www/html/todo-ci4/index.php(45): CodeIgniter\CodeIgniter->run()
#8 {main}
CRITICAL - 2020-08-08 03:28:05 --> Unable to connect to the database.
#0 /var/www/html/todo-ci4/system/Database/BaseConnection.php(646): CodeIgniter\Database\BaseConnection->initialize()
#1 /var/www/html/todo-ci4/system/Database/BaseBuilder.php(1860): CodeIgniter\Database\BaseConnection->query('SELECT *\nFROM `...', Array, false)
#2 /var/www/html/todo-ci4/system/Model.php(462): CodeIgniter\Database\BaseBuilder->get()
#3 /var/www/html/todo-ci4/app/Controllers/Todo.php(31): CodeIgniter\Model->findAll()
#4 /var/www/html/todo-ci4/system/CodeIgniter.php(918): App\Controllers\Todo->getTodos()
#5 /var/www/html/todo-ci4/system/CodeIgniter.php(404): CodeIgniter\CodeIgniter->runController(Object(App\Controllers\Todo))
#6 /var/www/html/todo-ci4/system/CodeIgniter.php(312): CodeIgniter\CodeIgniter->handleRequest(NULL, Object(Config\Cache), false)
#7 /var/www/html/todo-ci4/index.php(45): CodeIgniter\CodeIgniter->run()
#8 {main}
CRITICAL - 2020-08-08 03:28:07 --> Unable to connect to the database.
#0 /var/www/html/todo-ci4/system/Database/BaseConnection.php(646): CodeIgniter\Database\BaseConnection->initialize()
#1 /var/www/html/todo-ci4/system/Database/BaseBuilder.php(1860): CodeIgniter\Database\BaseConnection->query('SELECT *\nFROM `...', Array, false)
#2 /var/www/html/todo-ci4/system/Model.php(462): CodeIgniter\Database\BaseBuilder->get()
#3 /var/www/html/todo-ci4/app/Controllers/Todo.php(31): CodeIgniter\Model->findAll()
#4 /var/www/html/todo-ci4/system/CodeIgniter.php(918): App\Controllers\Todo->getTodos()
#5 /var/www/html/todo-ci4/system/CodeIgniter.php(404): CodeIgniter\CodeIgniter->runController(Object(App\Controllers\Todo))
#6 /var/www/html/todo-ci4/system/CodeIgniter.php(312): CodeIgniter\CodeIgniter->handleRequest(NULL, Object(Config\Cache), false)
#7 /var/www/html/todo-ci4/index.php(45): CodeIgniter\CodeIgniter->run()
#8 {main}
CRITICAL - 2020-08-08 03:28:07 --> Unable to connect to the database.
#0 /var/www/html/todo-ci4/system/Database/BaseConnection.php(646): CodeIgniter\Database\BaseConnection->initialize()
#1 /var/www/html/todo-ci4/system/Database/BaseBuilder.php(1860): CodeIgniter\Database\BaseConnection->query('SELECT *\nFROM `...', Array, false)
#2 /var/www/html/todo-ci4/system/Model.php(462): CodeIgniter\Database\BaseBuilder->get()
#3 /var/www/html/todo-ci4/app/Controllers/Todo.php(31): CodeIgniter\Model->findAll()
#4 /var/www/html/todo-ci4/system/CodeIgniter.php(918): App\Controllers\Todo->getTodos()
#5 /var/www/html/todo-ci4/system/CodeIgniter.php(404): CodeIgniter\CodeIgniter->runController(Object(App\Controllers\Todo))
#6 /var/www/html/todo-ci4/system/CodeIgniter.php(312): CodeIgniter\CodeIgniter->handleRequest(NULL, Object(Config\Cache), false)
#7 /var/www/html/todo-ci4/index.php(45): CodeIgniter\CodeIgniter->run()
#8 {main}
CRITICAL - 2020-08-08 03:28:08 --> Unable to connect to the database.
#0 /var/www/html/todo-ci4/system/Database/BaseConnection.php(646): CodeIgniter\Database\BaseConnection->initialize()
#1 /var/www/html/todo-ci4/system/Database/BaseBuilder.php(1860): CodeIgniter\Database\BaseConnection->query('SELECT *\nFROM `...', Array, false)
#2 /var/www/html/todo-ci4/system/Model.php(462): CodeIgniter\Database\BaseBuilder->get()
#3 /var/www/html/todo-ci4/app/Controllers/Todo.php(31): CodeIgniter\Model->findAll()
#4 /var/www/html/todo-ci4/system/CodeIgniter.php(918): App\Controllers\Todo->getTodos()
#5 /var/www/html/todo-ci4/system/CodeIgniter.php(404): CodeIgniter\CodeIgniter->runController(Object(App\Controllers\Todo))
#6 /var/www/html/todo-ci4/system/CodeIgniter.php(312): CodeIgniter\CodeIgniter->handleRequest(NULL, Object(Config\Cache), false)
#7 /var/www/html/todo-ci4/index.php(45): CodeIgniter\CodeIgniter->run()
#8 {main}
CRITICAL - 2020-08-08 03:28:08 --> Unable to connect to the database.
#0 /var/www/html/todo-ci4/system/Database/BaseConnection.php(646): CodeIgniter\Database\BaseConnection->initialize()
#1 /var/www/html/todo-ci4/system/Database/BaseBuilder.php(1860): CodeIgniter\Database\BaseConnection->query('SELECT *\nFROM `...', Array, false)
#2 /var/www/html/todo-ci4/system/Model.php(462): CodeIgniter\Database\BaseBuilder->get()
#3 /var/www/html/todo-ci4/app/Controllers/Todo.php(31): CodeIgniter\Model->findAll()
#4 /var/www/html/todo-ci4/system/CodeIgniter.php(918): App\Controllers\Todo->getTodos()
#5 /var/www/html/todo-ci4/system/CodeIgniter.php(404): CodeIgniter\CodeIgniter->runController(Object(App\Controllers\Todo))
#6 /var/www/html/todo-ci4/system/CodeIgniter.php(312): CodeIgniter\CodeIgniter->handleRequest(NULL, Object(Config\Cache), false)
#7 /var/www/html/todo-ci4/index.php(45): CodeIgniter\CodeIgniter->run()
#8 {main}
CRITICAL - 2020-08-08 03:28:09 --> Unable to connect to the database.
#0 /var/www/html/todo-ci4/system/Database/BaseConnection.php(646): CodeIgniter\Database\BaseConnection->initialize()
#1 /var/www/html/todo-ci4/system/Database/BaseBuilder.php(1860): CodeIgniter\Database\BaseConnection->query('SELECT *\nFROM `...', Array, false)
#2 /var/www/html/todo-ci4/system/Model.php(462): CodeIgniter\Database\BaseBuilder->get()
#3 /var/www/html/todo-ci4/app/Controllers/Todo.php(31): CodeIgniter\Model->findAll()
#4 /var/www/html/todo-ci4/system/CodeIgniter.php(918): App\Controllers\Todo->getTodos()
#5 /var/www/html/todo-ci4/system/CodeIgniter.php(404): CodeIgniter\CodeIgniter->runController(Object(App\Controllers\Todo))
#6 /var/www/html/todo-ci4/system/CodeIgniter.php(312): CodeIgniter\CodeIgniter->handleRequest(NULL, Object(Config\Cache), false)
#7 /var/www/html/todo-ci4/index.php(45): CodeIgniter\CodeIgniter->run()
#8 {main}
CRITICAL - 2020-08-08 03:28:09 --> Unable to connect to the database.
#0 /var/www/html/todo-ci4/system/Database/BaseConnection.php(646): CodeIgniter\Database\BaseConnection->initialize()
#1 /var/www/html/todo-ci4/system/Database/BaseBuilder.php(1860): CodeIgniter\Database\BaseConnection->query('SELECT *\nFROM `...', Array, false)
#2 /var/www/html/todo-ci4/system/Model.php(462): CodeIgniter\Database\BaseBuilder->get()
#3 /var/www/html/todo-ci4/app/Controllers/Todo.php(31): CodeIgniter\Model->findAll()
#4 /var/www/html/todo-ci4/system/CodeIgniter.php(918): App\Controllers\Todo->getTodos()
#5 /var/www/html/todo-ci4/system/CodeIgniter.php(404): CodeIgniter\CodeIgniter->runController(Object(App\Controllers\Todo))
#6 /var/www/html/todo-ci4/system/CodeIgniter.php(312): CodeIgniter\CodeIgniter->handleRequest(NULL, Object(Config\Cache), false)
#7 /var/www/html/todo-ci4/index.php(45): CodeIgniter\CodeIgniter->run()
#8 {main}
CRITICAL - 2020-08-08 03:28:09 --> Unable to connect to the database.
#0 /var/www/html/todo-ci4/system/Database/BaseConnection.php(646): CodeIgniter\Database\BaseConnection->initialize()
#1 /var/www/html/todo-ci4/system/Database/BaseBuilder.php(1860): CodeIgniter\Database\BaseConnection->query('SELECT *\nFROM `...', Array, false)
#2 /var/www/html/todo-ci4/system/Model.php(462): CodeIgniter\Database\BaseBuilder->get()
#3 /var/www/html/todo-ci4/app/Controllers/Todo.php(31): CodeIgniter\Model->findAll()
#4 /var/www/html/todo-ci4/system/CodeIgniter.php(918): App\Controllers\Todo->getTodos()
#5 /var/www/html/todo-ci4/system/CodeIgniter.php(404): CodeIgniter\CodeIgniter->runController(Object(App\Controllers\Todo))
#6 /var/www/html/todo-ci4/system/CodeIgniter.php(312): CodeIgniter\CodeIgniter->handleRequest(NULL, Object(Config\Cache), false)
#7 /var/www/html/todo-ci4/index.php(45): CodeIgniter\CodeIgniter->run()
#8 {main}
CRITICAL - 2020-08-08 03:28:10 --> Unable to connect to the database.
#0 /var/www/html/todo-ci4/system/Database/BaseConnection.php(646): CodeIgniter\Database\BaseConnection->initialize()
#1 /var/www/html/todo-ci4/system/Database/BaseBuilder.php(1860): CodeIgniter\Database\BaseConnection->query('SELECT *\nFROM `...', Array, false)
#2 /var/www/html/todo-ci4/system/Model.php(462): CodeIgniter\Database\BaseBuilder->get()
#3 /var/www/html/todo-ci4/app/Controllers/Todo.php(31): CodeIgniter\Model->findAll()
#4 /var/www/html/todo-ci4/system/CodeIgniter.php(918): App\Controllers\Todo->getTodos()
#5 /var/www/html/todo-ci4/system/CodeIgniter.php(404): CodeIgniter\CodeIgniter->runController(Object(App\Controllers\Todo))
#6 /var/www/html/todo-ci4/system/CodeIgniter.php(312): CodeIgniter\CodeIgniter->handleRequest(NULL, Object(Config\Cache), false)
#7 /var/www/html/todo-ci4/index.php(45): CodeIgniter\CodeIgniter->run()
#8 {main}
CRITICAL - 2020-08-08 03:28:11 --> Unable to connect to the database.
#0 /var/www/html/todo-ci4/system/Database/BaseConnection.php(646): CodeIgniter\Database\BaseConnection->initialize()
#1 /var/www/html/todo-ci4/system/Database/BaseBuilder.php(1860): CodeIgniter\Database\BaseConnection->query('SELECT *\nFROM `...', Array, false)
#2 /var/www/html/todo-ci4/system/Model.php(462): CodeIgniter\Database\BaseBuilder->get()
#3 /var/www/html/todo-ci4/app/Controllers/Todo.php(31): CodeIgniter\Model->findAll()
#4 /var/www/html/todo-ci4/system/CodeIgniter.php(918): App\Controllers\Todo->getTodos()
#5 /var/www/html/todo-ci4/system/CodeIgniter.php(404): CodeIgniter\CodeIgniter->runController(Object(App\Controllers\Todo))
#6 /var/www/html/todo-ci4/system/CodeIgniter.php(312): CodeIgniter\CodeIgniter->handleRequest(NULL, Object(Config\Cache), false)
#7 /var/www/html/todo-ci4/index.php(45): CodeIgniter\CodeIgniter->run()
#8 {main}
CRITICAL - 2020-08-08 03:28:11 --> Unable to connect to the database.
#0 /var/www/html/todo-ci4/system/Database/BaseConnection.php(646): CodeIgniter\Database\BaseConnection->initialize()
#1 /var/www/html/todo-ci4/system/Database/BaseBuilder.php(1860): CodeIgniter\Database\BaseConnection->query('SELECT *\nFROM `...', Array, false)
#2 /var/www/html/todo-ci4/system/Model.php(462): CodeIgniter\Database\BaseBuilder->get()
#3 /var/www/html/todo-ci4/app/Controllers/Todo.php(31): CodeIgniter\Model->findAll()
#4 /var/www/html/todo-ci4/system/CodeIgniter.php(918): App\Controllers\Todo->getTodos()
#5 /var/www/html/todo-ci4/system/CodeIgniter.php(404): CodeIgniter\CodeIgniter->runController(Object(App\Controllers\Todo))
#6 /var/www/html/todo-ci4/system/CodeIgniter.php(312): CodeIgniter\CodeIgniter->handleRequest(NULL, Object(Config\Cache), false)
#7 /var/www/html/todo-ci4/index.php(45): CodeIgniter\CodeIgniter->run()
#8 {main}
CRITICAL - 2020-08-08 03:28:12 --> Unable to connect to the database.
#0 /var/www/html/todo-ci4/system/Database/BaseConnection.php(646): CodeIgniter\Database\BaseConnection->initialize()
#1 /var/www/html/todo-ci4/system/Database/BaseBuilder.php(1860): CodeIgniter\Database\BaseConnection->query('SELECT *\nFROM `...', Array, false)
#2 /var/www/html/todo-ci4/system/Model.php(462): CodeIgniter\Database\BaseBuilder->get()
#3 /var/www/html/todo-ci4/app/Controllers/Todo.php(31): CodeIgniter\Model->findAll()
#4 /var/www/html/todo-ci4/system/CodeIgniter.php(918): App\Controllers\Todo->getTodos()
#5 /var/www/html/todo-ci4/system/CodeIgniter.php(404): CodeIgniter\CodeIgniter->runController(Object(App\Controllers\Todo))
#6 /var/www/html/todo-ci4/system/CodeIgniter.php(312): CodeIgniter\CodeIgniter->handleRequest(NULL, Object(Config\Cache), false)
#7 /var/www/html/todo-ci4/index.php(45): CodeIgniter\CodeIgniter->run()
#8 {main}
CRITICAL - 2020-08-08 03:28:12 --> Unable to connect to the database.
#0 /var/www/html/todo-ci4/system/Database/BaseConnection.php(646): CodeIgniter\Database\BaseConnection->initialize()
#1 /var/www/html/todo-ci4/system/Database/BaseBuilder.php(1860): CodeIgniter\Database\BaseConnection->query('SELECT *\nFROM `...', Array, false)
#2 /var/www/html/todo-ci4/system/Model.php(462): CodeIgniter\Database\BaseBuilder->get()
#3 /var/www/html/todo-ci4/app/Controllers/Todo.php(31): CodeIgniter\Model->findAll()
#4 /var/www/html/todo-ci4/system/CodeIgniter.php(918): App\Controllers\Todo->getTodos()
#5 /var/www/html/todo-ci4/system/CodeIgniter.php(404): CodeIgniter\CodeIgniter->runController(Object(App\Controllers\Todo))
#6 /var/www/html/todo-ci4/system/CodeIgniter.php(312): CodeIgniter\CodeIgniter->handleRequest(NULL, Object(Config\Cache), false)
#7 /var/www/html/todo-ci4/index.php(45): CodeIgniter\CodeIgniter->run()
#8 {main}
CRITICAL - 2020-08-08 03:28:13 --> Unable to connect to the database.
#0 /var/www/html/todo-ci4/system/Database/BaseConnection.php(646): CodeIgniter\Database\BaseConnection->initialize()
#1 /var/www/html/todo-ci4/system/Database/BaseBuilder.php(1860): CodeIgniter\Database\BaseConnection->query('SELECT *\nFROM `...', Array, false)
#2 /var/www/html/todo-ci4/system/Model.php(462): CodeIgniter\Database\BaseBuilder->get()
#3 /var/www/html/todo-ci4/app/Controllers/Todo.php(31): CodeIgniter\Model->findAll()
#4 /var/www/html/todo-ci4/system/CodeIgniter.php(918): App\Controllers\Todo->getTodos()
#5 /var/www/html/todo-ci4/system/CodeIgniter.php(404): CodeIgniter\CodeIgniter->runController(Object(App\Controllers\Todo))
#6 /var/www/html/todo-ci4/system/CodeIgniter.php(312): CodeIgniter\CodeIgniter->handleRequest(NULL, Object(Config\Cache), false)
#7 /var/www/html/todo-ci4/index.php(45): CodeIgniter\CodeIgniter->run()
#8 {main}
CRITICAL - 2020-08-08 03:28:14 --> Unable to connect to the database.
#0 /var/www/html/todo-ci4/system/Database/BaseConnection.php(646): CodeIgniter\Database\BaseConnection->initialize()
#1 /var/www/html/todo-ci4/system/Database/BaseBuilder.php(1860): CodeIgniter\Database\BaseConnection->query('SELECT *\nFROM `...', Array, false)
#2 /var/www/html/todo-ci4/system/Model.php(462): CodeIgniter\Database\BaseBuilder->get()
#3 /var/www/html/todo-ci4/app/Controllers/Todo.php(31): CodeIgniter\Model->findAll()
#4 /var/www/html/todo-ci4/system/CodeIgniter.php(918): App\Controllers\Todo->getTodos()
#5 /var/www/html/todo-ci4/system/CodeIgniter.php(404): CodeIgniter\CodeIgniter->runController(Object(App\Controllers\Todo))
#6 /var/www/html/todo-ci4/system/CodeIgniter.php(312): CodeIgniter\CodeIgniter->handleRequest(NULL, Object(Config\Cache), false)
#7 /var/www/html/todo-ci4/index.php(45): CodeIgniter\CodeIgniter->run()
#8 {main}
CRITICAL - 2020-08-08 03:28:16 --> Unable to connect to the database.
#0 /var/www/html/todo-ci4/system/Database/BaseConnection.php(646): CodeIgniter\Database\BaseConnection->initialize()
#1 /var/www/html/todo-ci4/system/Database/BaseBuilder.php(1860): CodeIgniter\Database\BaseConnection->query('SELECT *\nFROM `...', Array, false)
#2 /var/www/html/todo-ci4/system/Model.php(462): CodeIgniter\Database\BaseBuilder->get()
#3 /var/www/html/todo-ci4/app/Controllers/Todo.php(31): CodeIgniter\Model->findAll()
#4 /var/www/html/todo-ci4/system/CodeIgniter.php(918): App\Controllers\Todo->getTodos()
#5 /var/www/html/todo-ci4/system/CodeIgniter.php(404): CodeIgniter\CodeIgniter->runController(Object(App\Controllers\Todo))
#6 /var/www/html/todo-ci4/system/CodeIgniter.php(312): CodeIgniter\CodeIgniter->handleRequest(NULL, Object(Config\Cache), false)
#7 /var/www/html/todo-ci4/index.php(45): CodeIgniter\CodeIgniter->run()
#8 {main}
CRITICAL - 2020-08-08 03:35:03 --> There is no data to update.
#0 /var/www/html/todo-ci4/system/Model.php(834): CodeIgniter\Database\Exceptions\DataException::forEmptyDataset('update')
#1 /var/www/html/todo-ci4/app/Controllers/Todo.php(51): CodeIgniter\Model->update(Array)
#2 /var/www/html/todo-ci4/system/CodeIgniter.php(918): App\Controllers\Todo->todoCompleteChange()
#3 /var/www/html/todo-ci4/system/CodeIgniter.php(404): CodeIgniter\CodeIgniter->runController(Object(App\Controllers\Todo))
#4 /var/www/html/todo-ci4/system/CodeIgniter.php(312): CodeIgniter\CodeIgniter->handleRequest(NULL, Object(Config\Cache), false)
#5 /var/www/html/todo-ci4/index.php(45): CodeIgniter\CodeIgniter->run()
#6 {main}
CRITICAL - 2020-08-08 03:37:08 --> There is no data to update.
#0 /var/www/html/todo-ci4/system/Model.php(834): CodeIgniter\Database\Exceptions\DataException::forEmptyDataset('update')
#1 /var/www/html/todo-ci4/app/Controllers/Todo.php(51): CodeIgniter\Model->update(Array)
#2 /var/www/html/todo-ci4/system/CodeIgniter.php(918): App\Controllers\Todo->todoCompleteChange()
#3 /var/www/html/todo-ci4/system/CodeIgniter.php(404): CodeIgniter\CodeIgniter->runController(Object(App\Controllers\Todo))
#4 /var/www/html/todo-ci4/system/CodeIgniter.php(312): CodeIgniter\CodeIgniter->handleRequest(NULL, Object(Config\Cache), false)
#5 /var/www/html/todo-ci4/index.php(45): CodeIgniter\CodeIgniter->run()
#6 {main}
CRITICAL - 2020-08-08 03:37:42 --> There is no data to update.
#0 /var/www/html/todo-ci4/system/Model.php(834): CodeIgniter\Database\Exceptions\DataException::forEmptyDataset('update')
#1 /var/www/html/todo-ci4/app/Controllers/Todo.php(51): CodeIgniter\Model->update(Array)
#2 /var/www/html/todo-ci4/system/CodeIgniter.php(918): App\Controllers\Todo->todoCompleteChange()
#3 /var/www/html/todo-ci4/system/CodeIgniter.php(404): CodeIgniter\CodeIgniter->runController(Object(App\Controllers\Todo))
#4 /var/www/html/todo-ci4/system/CodeIgniter.php(312): CodeIgniter\CodeIgniter->handleRequest(NULL, Object(Config\Cache), false)
#5 /var/www/html/todo-ci4/index.php(45): CodeIgniter\CodeIgniter->run()
#6 {main}
CRITICAL - 2020-08-08 03:39:07 --> There is no data to update.
#0 /var/www/html/todo-ci4/system/Model.php(834): CodeIgniter\Database\Exceptions\DataException::forEmptyDataset('update')
#1 /var/www/html/todo-ci4/app/Controllers/Todo.php(51): CodeIgniter\Model->update(Array)
#2 /var/www/html/todo-ci4/system/CodeIgniter.php(918): App\Controllers\Todo->todoCompleteChange()
#3 /var/www/html/todo-ci4/system/CodeIgniter.php(404): CodeIgniter\CodeIgniter->runController(Object(App\Controllers\Todo))
#4 /var/www/html/todo-ci4/system/CodeIgniter.php(312): CodeIgniter\CodeIgniter->handleRequest(NULL, Object(Config\Cache), false)
#5 /var/www/html/todo-ci4/index.php(45): CodeIgniter\CodeIgniter->run()
#6 {main}
CRITICAL - 2020-08-08 03:43:35 --> Cannot call constructor
#0 /var/www/html/todo-ci4/system/CodeIgniter.php(890): App\Controllers\Todo->__construct()
#1 /var/www/html/todo-ci4/system/CodeIgniter.php(399): CodeIgniter\CodeIgniter->createController()
#2 /var/www/html/todo-ci4/system/CodeIgniter.php(312): CodeIgniter\CodeIgniter->handleRequest(NULL, Object(Config\Cache), false)
#3 /var/www/html/todo-ci4/index.php(45): CodeIgniter\CodeIgniter->run()
#4 {main}
CRITICAL - 2020-08-08 03:44:11 --> There is no data to update.
#0 /var/www/html/todo-ci4/system/Model.php(834): CodeIgniter\Database\Exceptions\DataException::forEmptyDataset('update')
#1 /var/www/html/todo-ci4/app/Controllers/Todo.php(53): CodeIgniter\Model->update(Array)
#2 /var/www/html/todo-ci4/system/CodeIgniter.php(918): App\Controllers\Todo->todoCompleteChange()
#3 /var/www/html/todo-ci4/system/CodeIgniter.php(404): CodeIgniter\CodeIgniter->runController(Object(App\Controllers\Todo))
#4 /var/www/html/todo-ci4/system/CodeIgniter.php(312): CodeIgniter\CodeIgniter->handleRequest(NULL, Object(Config\Cache), false)
#5 /var/www/html/todo-ci4/index.php(45): CodeIgniter\CodeIgniter->run()
#6 {main}
